ISim log file
Running: E:\p6\mips_txt_isim_beh.exe -intstyle ise -gui -tclbatch isim.cmd -wdb E:/p6/mips_txt_isim_beh.wdb 
ISim P.20131013 (signature 0x7708f090)
This is a Full version of ISim.
Time resolution is 1 ps
# onerror resume
# wave add /
# run 1000 ns
Simulator is doing circuit initialization process.
Finished circuit initialization process.
                  38@00003000: $ 2 <= 00000001
                  42@00003004: $ 1 <= 12340000
                  46@00003008: $ 2 <= 12340000
                  66@00003020: $ 1 <= 24680000
                  70@00003024: $ 1 <= 369c0000
ISim P.20131013 (signature 0x7708f090)
This is a Full version of ISim.
# run 1000 ns
Simulator is doing circuit initialization process.
Finished circuit initialization process.
                  38@00003000: $ 1 <= 0000000c
                  42@00003004: $ 2 <= 00000004
                  58@00003010: $ 1 <= 00000018
                  62@00003014: $ 1 <= 00000030
                  66@00003018: $ 1 <= 00000060
                  78@00003024: $ 1 <= 000000c0
                  82@00003028: $ 1 <= 000000c4
ISim P.20131013 (signature 0x7708f090)
This is a Full version of ISim.
# run 1000 ns
Simulator is doing circuit initialization process.
Finished circuit initialization process.
                  38@00003000: $ 1 <= 0000000c
                  42@00003004: $ 2 <= 00000004
                  58@00003010: $ 1 <= 00000018
                  74@00003020: $ 1 <= 0000001c
