Running: fuse.exe -relaunch -intstyle "ise" -incremental -lib "unisims_ver" -lib "unimacro_ver" -lib "xilinxcorelib_ver" -o "E:/p7/mips_txt_isim_beh.exe" -prj "E:/p7/mips_txt_beh.prj" "work.mips_txt" "work.glbl" 
ISim P.20131013 (signature 0x7708f090)
Number of CPUs detected in this system: 12
Turning on mult-threading, number of parallel sub-compilation jobs: 24 
Determining compilation order of HDL files
Analyzing Verilog file "E:/p7/../p7_v/p7_CU .v" into library work
Analyzing Verilog file "E:/p7/../p7_v/p7_W_Reg.v" into library work
Analyzing Verilog file "E:/p7/../p7_v/p7_Stall.v" into library work
Analyzing Verilog file "E:/p7/../p7_v/p7_M_Reg.v" into library work
Analyzing Verilog file "E:/p7/../p7_v/p7_MDU.v" into library work
Analyzing Verilog file "E:/p7/../p7_v/p7_IFU.v" into library work
Analyzing Verilog file "E:/p7/../p7_v/p7_E_Reg.v" into library work
Analyzing Verilog file "E:/p7/../p7_v/p7_E_ALU.v" into library work
Analyzing Verilog file "E:/p7/../p7_v/p7_D_RF.v" into library work
Analyzing Verilog file "E:/p7/../p7_v/p7_D_Reg.v" into library work
Analyzing Verilog file "E:/p7/../p7_v/p7_D_NPC.v" into library work
Analyzing Verilog file "E:/p7/../p7_v/p7_D_EXT.v" into library work
Analyzing Verilog file "E:/p7/../p7_v/p7_D_CMP.v" into library work
Analyzing Verilog file "E:/p7/../p7_v/p7_DE.v" into library work
Analyzing Verilog file "E:/p7/../p7_v/p7_CP0.v" into library work
Analyzing Verilog file "E:/p7/../p7_v/p7_BE.v" into library work
Analyzing Verilog file "E:/p7/../p7_v/P7_standard_timer_2019.v" into library work
Analyzing Verilog file "E:/p7/../p7_v/p7_CPU.v" into library work
Analyzing Verilog file "E:/p7/../p7_v/p7_Bridge.v" into library work
Analyzing Verilog file "E:/p7/../p7_v/p7_mips.v" into library work
Analyzing Verilog file "E:/p7/p7_tb.v" into library work
Analyzing Verilog file "E:/ISE/14.7/ISE_DS/ISE//verilog/src/glbl.v" into library work
Starting static elaboration
WARNING:HDLCompiler:1016 - "E:/p7/../p7_v/p7_mips.v" Line 59: Port Int_response is not connected to this instance
WARNING:HDLCompiler:1016 - "E:/p7/../p7_v/p7_CPU.v" Line 184: Port RfWr is not connected to this instance
WARNING:HDLCompiler:1016 - "E:/p7/../p7_v/p7_CPU.v" Line 212: Port D_Ext_lui is not connected to this instance
WARNING:HDLCompiler:1016 - "E:/p7/../p7_v/p7_CPU.v" Line 234: Port hi is not connected to this instance
WARNING:HDLCompiler:1016 - "E:/p7/../p7_v/p7_CPU.v" Line 247: Port ExtOp is not connected to this instance
WARNING:HDLCompiler:1016 - "E:/p7/../p7_v/p7_CPU.v" Line 288: Port E_cmp_result is not connected to this instance
WARNING:HDLCompiler:1016 - "E:/p7/../p7_v/p7_CPU.v" Line 310: Port ExtOp is not connected to this instance
WARNING:HDLCompiler:1016 - "E:/p7/../p7_v/p7_CPU.v" Line 404: Port ExtOp is not connected to this instance
WARNING:HDLCompiler:1016 - "E:/p7/../p7_v/p7_Stall.v" Line 37: Port RfWr is not connected to this instance
WARNING:HDLCompiler:1016 - "E:/p7/../p7_v/p7_Stall.v" Line 47: Port ExtOp is not connected to this instance
WARNING:HDLCompiler:1016 - "E:/p7/../p7_v/p7_Stall.v" Line 55: Port ExtOp is not connected to this instance
Completed static elaboration
Compiling module IFU
Compiling module D_Reg
Compiling module D_RF
Compiling module D_EXT
Compiling module D_NPC
Compiling module D_CMP
Compiling module CU
Compiling module E_Reg
Compiling module MDU
Compiling module E_ALU
Compiling module M_Reg
Compiling module BE
Compiling module DE
Compiling module CP0
Compiling module W_Reg
Compiling module Stall
Compiling module CPU
Compiling module TC
Compiling module p7_Bridge
Compiling module mips
Compiling module mips_txt
Compiling module glbl
Time Resolution for simulation is 1ps.
Waiting for 1 sub-compilation(s) to finish...
WARNING:Simulator - Unable to copy libPortabilityNOSH.dll to the simulation executable directory: boost::filesystem::copy_file: 系统找不到指定的路径。, "isim\mips_txt_isim_beh.exe.sim\libPortability.dll".
Compiled 22 Verilog Units
Built simulation executable E:/p7/mips_txt_isim_beh.exe
Fuse Memory Usage: 33252 KB
Fuse CPU Usage: 671 ms
