ISim log file
Running: E:\p7\mips_txt_isim_beh.exe -intstyle ise -gui -tclbatch isim.cmd -wdb E:/p7/mips_txt_isim_beh.wdb 
ISim P.20131013 (signature 0x7708f090)
This is a Full version of ISim.
Time resolution is 1 ps
# onerror resume
# wave add /
# run 1000 ns
Simulator is doing circuit initialization process.
Finished circuit initialization process.
                  38@00003000: $ 8 <= 00004184
                  42@00003004: $ 8 <= 00004180
                  62@00004180: $26 <= 00000002
                  66@00004184: $27 <= 00000010
ISim P.20131013 (signature 0x7708f090)
This is a Full version of ISim.
# run 1000 ns
Simulator is doing circuit initialization process.
Finished circuit initialization process.
                  38@00003000: $ 8 <= 00004184
                  62@00004184: $27 <= 00000010
ISim P.20131013 (signature 0x7708f090)
This is a Full version of ISim.
# run 1000 ns
Simulator is doing circuit initialization process.
Finished circuit initialization process.
                  38@00003000: $ 8 <= 00004184
                  62@00004184: $27 <= 00000010
                  66@00004188: $26 <= 00004184
